<?xml version="1.0" encoding="UTF-8"?>
<coverage generated="1390604534">
  <project timestamp="1390604534">
    <package name="DreamFactory\Oasys">
      <file name="/opt/dreamfactory/lib/oasys/tests/OasysTest.php">
        <class name="OasysTest" namespace="DreamFactory\Oasys">
          <metrics methods="2" coveredmethods="2" conditionals="0" coveredconditionals="0" statements="9" coveredstatements="8" elements="11" coveredelements="10"/>
        </class>
        <line num="0" type="stmt" count="1"/>
        <line num="31" type="method" name="setUp" crap="1" count="1"/>
        <line num="33" type="stmt" count="1"/>
        <line num="35" type="stmt" count="1"/>
        <line num="37" type="stmt" count="1"/>
        <line num="38" type="stmt" count="1"/>
        <line num="40" type="method" name="testGetProvider" crap="1.01" count="1"/>
        <line num="43" type="stmt" count="1"/>
        <line num="44" type="stmt" count="1"/>
        <line num="47" type="stmt" count="1"/>
        <line num="48" type="stmt" count="1"/>
        <line num="49" type="stmt" count="0"/>
        <line num="600" type="stmt" count="1"/>
        <line num="1135" type="stmt" count="1"/>
        <metrics loc="50" ncloc="24" classes="1" methods="2" coveredmethods="1" conditionals="0" coveredconditionals="0" statements="9" coveredstatements="8" elements="11" coveredelements="9"/>
      </file>
    </package>
    <metrics files="1" loc="50" ncloc="24" classes="1" methods="2" coveredmethods="1" conditionals="0" coveredconditionals="0" statements="9" coveredstatements="8" elements="11" coveredelements="9"/>
  </project>
</coverage>
